Asia-Pacific 2022
 Afghanistan
subsection not found
 Asia-Pacific Region
subsection not found
subsection not found
subsection not found
subsection not found
subsection not found
subsection not found
subsection not found
subsection not found
subsection not found
subsection not found
subsection not found
subsection not found
subsection not found
subsection not found
subsection not found
subsection not found
subsection not found
subsection not found
subsection not found
subsection not found
subsection not found
subsection not found
subsection not found
subsection not found
subsection not found
subsection not found
subsection not found
subsection not found
subsection not found
subsection not found
 Australia
subsection not found
